[2024-10-17T18:12:35.775826+00:00] MiLogger.DEBUG: Esto es un mensaje de DEBUG [] []
[2024-10-17T18:12:35.780120+00:00] MiLogger.INFO: Esto es un mensaje de INFO [] []
[2024-10-17T18:12:35.780411+00:00] MiLogger.WARNING: Esto es un mensaje de WARNING [] []
[2024-10-17T18:12:35.780758+00:00] MiLogger.ERROR: Esto es un mensaje de ERROR [] []
[2024-10-17T18:12:35.781145+00:00] MiLogger.CRITICAL: Esto es un mensaje de CRITICAL [] []
[2024-10-17T18:12:35.781532+00:00] MiLogger.ALERT: Esto es un mensaje de ALERT [] []
[2024-10-17T18:12:37.345942+00:00] MiLogger.DEBUG: Esto es un mensaje de DEBUG [] []
[2024-10-17T18:12:37.347219+00:00] MiLogger.INFO: Esto es un mensaje de INFO [] []
[2024-10-17T18:12:37.347367+00:00] MiLogger.WARNING: Esto es un mensaje de WARNING [] []
[2024-10-17T18:12:37.347482+00:00] MiLogger.ERROR: Esto es un mensaje de ERROR [] []
[2024-10-17T18:12:37.347614+00:00] MiLogger.CRITICAL: Esto es un mensaje de CRITICAL [] []
[2024-10-17T18:12:37.347723+00:00] MiLogger.ALERT: Esto es un mensaje de ALERT [] []
[2024-10-17T18:12:37.851898+00:00] MiLogger.DEBUG: Esto es un mensaje de DEBUG [] []
[2024-10-17T18:12:37.856979+00:00] MiLogger.INFO: Esto es un mensaje de INFO [] []
[2024-10-17T18:12:37.857408+00:00] MiLogger.WARNING: Esto es un mensaje de WARNING [] []
[2024-10-17T18:12:37.857847+00:00] MiLogger.ERROR: Esto es un mensaje de ERROR [] []
[2024-10-17T18:12:37.858244+00:00] MiLogger.CRITICAL: Esto es un mensaje de CRITICAL [] []
[2024-10-17T18:12:37.858691+00:00] MiLogger.ALERT: Esto es un mensaje de ALERT [] []
[2024-10-17T18:12:38.196851+00:00] MiLogger.DEBUG: Esto es un mensaje de DEBUG [] []
[2024-10-17T18:12:38.200602+00:00] MiLogger.INFO: Esto es un mensaje de INFO [] []
[2024-10-17T18:12:38.201041+00:00] MiLogger.WARNING: Esto es un mensaje de WARNING [] []
[2024-10-17T18:12:38.201419+00:00] MiLogger.ERROR: Esto es un mensaje de ERROR [] []
[2024-10-17T18:12:38.201811+00:00] MiLogger.CRITICAL: Esto es un mensaje de CRITICAL [] []
[2024-10-17T18:12:38.202167+00:00] MiLogger.ALERT: Esto es un mensaje de ALERT [] []
